<?xml version="1.0" encoding="UTF-8"?>
<!-- Generated by org.testng.reporters.JUnitReportReporter -->
<testsuite hostname="CAMBROSIA-VM" failures="0" tests="5" name="winapp.cti.qa.testcases.phonecontrol.AgentStatusTest" time="106.983" errors="0" timestamp="2021-06-24T09:36:03 PDT" skipped="0">
  <testcase classname="winapp.cti.qa.testcases.phonecontrol.AgentStatusTest" name="readyStateTest" time="19.907"/>
  <system-out/>
  <testcase classname="winapp.cti.qa.testcases.phonecontrol.AgentStatusTest" name="readyStateTest" time="22.178"/>
  <system-out/>
  <testcase classname="winapp.cti.qa.testcases.phonecontrol.AgentStatusTest" name="readyStateTest" time="20.533"/>
  <system-out/>
  <testcase classname="winapp.cti.qa.testcases.phonecontrol.AgentStatusTest" name="readyStateTest" time="23.459"/>
  <system-out/>
  <testcase classname="winapp.cti.qa.testcases.phonecontrol.AgentStatusTest" name="readyStateTest" time="20.906"/>
  <system-out/>
</testsuite> <!-- winapp.cti.qa.testcases.phonecontrol.AgentStatusTest -->
